e:\files\my documents\tools\gta 5\bases\sprx\gtav\ps3_debug\cellprx_gtavonlinebeta_stub.a
e:\files\my documents\tools\gta 5\bases\sprx\gtav\ps3_debug\cellprx_hedgehog_stub.a
e:\files\my documents\tools\gta 5\bases\sprx\gtav\ps3_debug\hedgehog.sprx
c:\users\boxuga\appdata\local\temp\ps3ppuld154642\lib.ent.o
c:\users\boxuga\appdata\local\temp\ps3ppuld301002\lib.ent.o
c:\users\boxuga\appdata\local\temp\ps3ppuld255722\lib.ent.o
c:\users\boxuga\appdata\local\temp\ps3ppuld261122\lib.ent.o
c:\users\boxuga\appdata\local\temp\ps3ppuld327042\lib.ent.o
c:\users\boxuga\appdata\local\temp\ps3ppuld157722\lib.ent.o
c:\users\boxuga\appdata\local\temp\ps3ppuld145002\lib.ent.o
c:\users\boxuga\appdata\local\temp\ps3ppuld75642\lib.ent.o
c:\users\boxuga\appdata\local\temp\ps3ppuld172602\lib.ent.o
c:\users\boxuga\appdata\local\temp\ps3ppuld135722\lib.ent.o
c:\users\boxuga\appdata\local\temp\ps3ppuld133762\lib.ent.o
c:\users\boxuga\appdata\local\temp\ps3ppuld210002\lib.ent.o
c:\users\boxuga\appdata\local\temp\ps3ppuld118322\lib.ent.o
c:\users\boxuga\appdata\local\temp\ps3ppuld21002\lib.ent.o
c:\users\boxuga\appdata\local\temp\ps3ppuld244362\lib.ent.o
c:\users\boxuga\appdata\local\temp\ps3ppuld244442\lib.ent.o
c:\users\boxuga\appdata\local\temp\ps3ppuld292762\lib.ent.o
c:\users\boxuga\appdata\local\temp\ps3ppuld243722\lib.ent.o
c:\users\boxuga\appdata\local\temp\ps3ppuld134962\lib.ent.o
c:\users\boxuga\appdata\local\temp\ps3ppuld289522\lib.ent.o
c:\users\boxuga\appdata\local\temp\ps3ppuld141362\lib.ent.o
c:\users\boxuga\appdata\local\temp\ps3ppuld231802\lib.ent.o
c:\users\boxuga\appdata\local\temp\ps3ppuld59522\lib.ent.o
c:\users\boxuga\appdata\local\temp\ps3ppuld35922\lib.ent.o
c:\users\boxuga\appdata\local\temp\ps3ppuld270162\lib.ent.o
c:\users\boxuga\appdata\local\temp\ps3ppuld282922\lib.ent.o
c:\users\boxuga\appdata\local\temp\ps3ppuld245642\lib.ent.o
c:\users\boxuga\appdata\local\temp\ps3ppuld209562\lib.ent.o
c:\users\boxuga\appdata\local\temp\ps3ppuld290802\lib.ent.o
c:\users\boxuga\appdata\local\temp\ps3ppuld314842\lib.ent.o
c:\users\boxuga\appdata\local\temp\ps3ppuld124042\lib.ent.o
c:\users\boxuga\appdata\local\temp\ps3ppuld76842\lib.ent.o
c:\users\boxuga\appdata\local\temp\ps3ppuld79242\lib.ent.o
c:\users\boxuga\appdata\local\temp\ps3ppuld262322\lib.ent.o
c:\users\boxuga\appdata\local\temp\ps3ppuld296642\lib.ent.o
c:\users\boxuga\appdata\local\temp\ps3ppuld117722\lib.ent.o
c:\users\boxuga\appdata\local\temp\ps3ppuld250962\lib.ent.o
c:\users\boxuga\appdata\local\temp\ps3ppuld121642\lib.ent.o
c:\users\boxuga\appdata\local\temp\ps3ppuld143122\lib.ent.o
c:\users\boxuga\appdata\local\temp\ps3ppuld286602\lib.ent.o
c:\users\boxuga\appdata\local\temp\ps3ppuld133482\lib.ent.o
c:\users\boxuga\appdata\local\temp\ps3ppuld86482\lib.ent.o
c:\users\boxuga\appdata\local\temp\ps3ppuld200362\lib.ent.o
c:\users\boxuga\appdata\local\temp\ps3ppuld283282\lib.ent.o
c:\users\boxuga\appdata\local\temp\ps3ppuld163722\lib.ent.o
c:\users\boxuga\appdata\local\temp\ps3ppuld203962\lib.ent.o
c:\users\boxuga\appdata\local\temp\ps3ppuld82202\lib.ent.o
c:\users\boxuga\appdata\local\temp\ps3ppuld192522\lib.ent.o
c:\users\boxuga\appdata\local\temp\ps3ppuld282322\lib.ent.o
c:\users\boxuga\appdata\local\temp\ps3ppuld189162\lib.ent.o
c:\users\boxuga\appdata\local\temp\ps3ppuld89402\lib.ent.o
c:\users\boxuga\appdata\local\temp\ps3ppuld70522\lib.ent.o
c:\users\boxuga\appdata\local\temp\ps3ppuld111482\lib.ent.o
c:\users\boxuga\appdata\local\temp\ps3ppuld78282\lib.ent.o
c:\users\boxuga\appdata\local\temp\ps3ppuld16362\lib.ent.o
c:\users\boxuga\appdata\local\temp\ps3ppuld305802\lib.ent.o
c:\users\boxuga\appdata\local\temp\ps3ppuld175442\lib.ent.o
c:\users\boxuga\appdata\local\temp\ps3ppuld316682\lib.ent.o
c:\users\boxuga\appdata\local\temp\ps3ppuld283802\lib.ent.o
c:\users\boxuga\appdata\local\temp\ps3ppuld136362\lib.ent.o
c:\users\boxuga\appdata\local\temp\ps3ppuld177002\lib.ent.o
c:\users\boxuga\appdata\local\temp\ps3ppuld280722\lib.ent.o
c:\users\boxuga\appdata\local\temp\ps3ppuld36082\lib.ent.o
c:\users\boxuga\appdata\local\temp\ps3ppuld44362\lib.ent.o
c:\users\boxuga\appdata\local\temp\ps3ppuld104322\lib.ent.o
c:\users\boxuga\appdata\local\temp\ps3ppuld129922\lib.ent.o
c:\users\boxuga\appdata\local\temp\ps3ppuld192082\lib.ent.o
c:\users\boxuga\appdata\local\temp\ps3ppuld142042\lib.ent.o
c:\users\boxuga\appdata\local\temp\ps3ppuld270682\lib.ent.o
c:\users\boxuga\appdata\local\temp\ps3ppuld217802\lib.ent.o
c:\users\boxuga\appdata\local\temp\ps3ppuld258402\lib.ent.o
c:\users\boxuga\appdata\local\temp\ps3ppuld67122\lib.ent.o
c:\users\boxuga\appdata\local\temp\ps3ppuld309402\lib.ent.o
c:\users\boxuga\appdata\local\temp\ps3ppuld130602\lib.ent.o
c:\users\boxuga\appdata\local\temp\ps3ppuld162122\lib.ent.o
c:\users\boxuga\appdata\local\temp\ps3ppuld110042\lib.ent.o
c:\users\boxuga\appdata\local\temp\ps3ppuld148882\lib.ent.o
c:\users\boxuga\appdata\local\temp\ps3ppuld181602\lib.ent.o
c:\users\boxuga\appdata\local\temp\ps3ppuld88682\lib.ent.o
c:\users\boxuga\appdata\local\temp\ps3ppuld14202\lib.ent.o
c:\users\boxuga\appdata\local\temp\ps3ppuld220882\lib.ent.o
c:\users\boxuga\appdata\local\temp\ps3ppuld18002\lib.ent.o
c:\users\boxuga\appdata\local\temp\ps3ppuld29682\lib.ent.o
c:\users\boxuga\appdata\local\temp\ps3ppuld84242\lib.ent.o
c:\users\boxuga\appdata\local\temp\ps3ppuld287162\lib.ent.o
c:\users\boxuga\appdata\local\temp\ps3ppuld260122\lib.ent.o
c:\users\boxuga\appdata\local\temp\ps3ppuld103402\lib.ent.o
c:\users\boxuga\appdata\local\temp\ps3ppuld218882\lib.ent.o
c:\users\boxuga\appdata\local\temp\ps3ppuld186642\lib.ent.o
c:\users\boxuga\appdata\local\temp\ps3ppuld87922\lib.ent.o
c:\users\boxuga\appdata\local\temp\ps3ppuld91962\lib.ent.o
c:\users\boxuga\appdata\local\temp\ps3ppuld244762\lib.ent.o
c:\users\boxuga\appdata\local\temp\ps3ppuld192482\lib.ent.o
c:\users\boxuga\appdata\local\temp\ps3ppuld45362\lib.ent.o
c:\users\boxuga\appdata\local\temp\ps3ppuld291562\lib.ent.o
c:\users\boxuga\appdata\local\temp\ps3ppuld94642\lib.ent.o
c:\users\boxuga\appdata\local\temp\ps3ppuld254682\lib.ent.o
c:\users\boxuga\appdata\local\temp\ps3ppuld92602\lib.ent.o
c:\users\boxuga\appdata\local\temp\ps3ppuld285962\lib.ent.o
c:\users\boxuga\appdata\local\temp\ps3ppuld227482\lib.ent.o
c:\users\boxuga\appdata\local\temp\ps3ppuld154642\hedgehog
c:\users\boxuga\appdata\local\temp\ps3ppuld301002\hedgehog
c:\users\boxuga\appdata\local\temp\ps3ppuld255722\hedgehog
c:\users\boxuga\appdata\local\temp\ps3ppuld261122\hedgehog
c:\users\boxuga\appdata\local\temp\ps3ppuld327042\hedgehog
c:\users\boxuga\appdata\local\temp\ps3ppuld157722\hedgehog
c:\users\boxuga\appdata\local\temp\ps3ppuld145002\hedgehog
c:\users\boxuga\appdata\local\temp\ps3ppuld75642\hedgehog
c:\users\boxuga\appdata\local\temp\ps3ppuld172602\hedgehog
c:\users\boxuga\appdata\local\temp\ps3ppuld135722\hedgehog
c:\users\boxuga\appdata\local\temp\ps3ppuld133762\hedgehog
c:\users\boxuga\appdata\local\temp\ps3ppuld210002\hedgehog
c:\users\boxuga\appdata\local\temp\ps3ppuld118322\hedgehog
c:\users\boxuga\appdata\local\temp\ps3ppuld21002\hedgehog
c:\users\boxuga\appdata\local\temp\ps3ppuld244362\hedgehog
c:\users\boxuga\appdata\local\temp\ps3ppuld244442\hedgehog
c:\users\boxuga\appdata\local\temp\ps3ppuld292762\hedgehog
c:\users\boxuga\appdata\local\temp\ps3ppuld243722\hedgehog
c:\users\boxuga\appdata\local\temp\ps3ppuld134962\hedgehog
c:\users\boxuga\appdata\local\temp\ps3ppuld289522\hedgehog
c:\users\boxuga\appdata\local\temp\ps3ppuld141362\hedgehog
c:\users\boxuga\appdata\local\temp\ps3ppuld231802\hedgehog
c:\users\boxuga\appdata\local\temp\ps3ppuld59522\hedgehog
c:\users\boxuga\appdata\local\temp\ps3ppuld35922\hedgehog
c:\users\boxuga\appdata\local\temp\ps3ppuld270162\hedgehog
c:\users\boxuga\appdata\local\temp\ps3ppuld282922\hedgehog
c:\users\boxuga\appdata\local\temp\ps3ppuld245642\hedgehog
c:\users\boxuga\appdata\local\temp\ps3ppuld209562\hedgehog
c:\users\boxuga\appdata\local\temp\ps3ppuld290802\hedgehog
c:\users\boxuga\appdata\local\temp\ps3ppuld314842\hedgehog
c:\users\boxuga\appdata\local\temp\ps3ppuld124042\hedgehog
c:\users\boxuga\appdata\local\temp\ps3ppuld76842\hedgehog
c:\users\boxuga\appdata\local\temp\ps3ppuld79242\hedgehog
c:\users\boxuga\appdata\local\temp\ps3ppuld262322\hedgehog
c:\users\boxuga\appdata\local\temp\ps3ppuld296642\hedgehog
c:\users\boxuga\appdata\local\temp\ps3ppuld117722\hedgehog
c:\users\boxuga\appdata\local\temp\ps3ppuld250962\hedgehog
c:\users\boxuga\appdata\local\temp\ps3ppuld121642\hedgehog
c:\users\boxuga\appdata\local\temp\ps3ppuld143122\hedgehog
c:\users\boxuga\appdata\local\temp\ps3ppuld286602\hedgehog
c:\users\boxuga\appdata\local\temp\ps3ppuld133482\hedgehog
c:\users\boxuga\appdata\local\temp\ps3ppuld86482\hedgehog
c:\users\boxuga\appdata\local\temp\ps3ppuld200362\hedgehog
c:\users\boxuga\appdata\local\temp\ps3ppuld283282\hedgehog
c:\users\boxuga\appdata\local\temp\ps3ppuld163722\hedgehog
c:\users\boxuga\appdata\local\temp\ps3ppuld189162\hedgehog
c:\users\boxuga\appdata\local\temp\ps3ppuld89402\hedgehog
c:\users\boxuga\appdata\local\temp\ps3ppuld70522\hedgehog
c:\users\boxuga\appdata\local\temp\ps3ppuld111482\hedgehog
c:\users\boxuga\appdata\local\temp\ps3ppuld78282\hedgehog
c:\users\boxuga\appdata\local\temp\ps3ppuld16362\hedgehog
c:\users\boxuga\appdata\local\temp\ps3ppuld305802\hedgehog
c:\users\boxuga\appdata\local\temp\ps3ppuld175442\hedgehog
c:\users\boxuga\appdata\local\temp\ps3ppuld316682\hedgehog
c:\users\boxuga\appdata\local\temp\ps3ppuld283802\hedgehog
c:\users\boxuga\appdata\local\temp\ps3ppuld136362\hedgehog
c:\users\boxuga\appdata\local\temp\ps3ppuld177002\hedgehog
c:\users\boxuga\appdata\local\temp\ps3ppuld280722\hedgehog
c:\users\boxuga\appdata\local\temp\ps3ppuld36082\hedgehog
c:\users\boxuga\appdata\local\temp\ps3ppuld44362\hedgehog
c:\users\boxuga\appdata\local\temp\ps3ppuld104322\hedgehog
c:\users\boxuga\appdata\local\temp\ps3ppuld129922\hedgehog
c:\users\boxuga\appdata\local\temp\ps3ppuld192082\hedgehog
c:\users\boxuga\appdata\local\temp\ps3ppuld142042\hedgehog
c:\users\boxuga\appdata\local\temp\ps3ppuld270682\hedgehog
c:\users\boxuga\appdata\local\temp\ps3ppuld217802\hedgehog
c:\users\boxuga\appdata\local\temp\ps3ppuld258402\hedgehog
c:\users\boxuga\appdata\local\temp\ps3ppuld67122\hedgehog
c:\users\boxuga\appdata\local\temp\ps3ppuld309402\hedgehog
c:\users\boxuga\appdata\local\temp\ps3ppuld130602\hedgehog
c:\users\boxuga\appdata\local\temp\ps3ppuld162122\hedgehog
c:\users\boxuga\appdata\local\temp\ps3ppuld110042\hedgehog
c:\users\boxuga\appdata\local\temp\ps3ppuld148882\hedgehog
c:\users\boxuga\appdata\local\temp\ps3ppuld181602\hedgehog
c:\users\boxuga\appdata\local\temp\ps3ppuld88682\hedgehog
c:\users\boxuga\appdata\local\temp\ps3ppuld14202\hedgehog
c:\users\boxuga\appdata\local\temp\ps3ppuld220882\hedgehog
c:\users\boxuga\appdata\local\temp\ps3ppuld18002\hedgehog
c:\users\boxuga\appdata\local\temp\ps3ppuld29682\hedgehog
c:\users\boxuga\appdata\local\temp\ps3ppuld84242\hedgehog
c:\users\boxuga\appdata\local\temp\ps3ppuld287162\hedgehog
c:\users\boxuga\appdata\local\temp\ps3ppuld260122\hedgehog
c:\users\boxuga\appdata\local\temp\ps3ppuld103402\hedgehog
c:\users\boxuga\appdata\local\temp\ps3ppuld218882\hedgehog
c:\users\boxuga\appdata\local\temp\ps3ppuld186642\hedgehog
c:\users\boxuga\appdata\local\temp\ps3ppuld87922\hedgehog
c:\users\boxuga\appdata\local\temp\ps3ppuld91962\hedgehog
c:\users\boxuga\appdata\local\temp\ps3ppuld244762\hedgehog
c:\users\boxuga\appdata\local\temp\ps3ppuld192482\hedgehog
c:\users\boxuga\appdata\local\temp\ps3ppuld45362\hedgehog
c:\users\boxuga\appdata\local\temp\ps3ppuld291562\hedgehog
c:\users\boxuga\appdata\local\temp\ps3ppuld254682\hedgehog
c:\users\boxuga\appdata\local\temp\ps3ppuld92602\hedgehog
c:\users\boxuga\appdata\local\temp\ps3ppuld285962\hedgehog
c:\users\boxuga\appdata\local\temp\ps3ppuld227482\hedgehog
c:\users\boxuga\appdata\local\temp\ps3ppuld154642\lib.ent.s
c:\users\boxuga\appdata\local\temp\ps3ppuld301002\lib.ent.s
c:\users\boxuga\appdata\local\temp\ps3ppuld255722\lib.ent.s
c:\users\boxuga\appdata\local\temp\ps3ppuld261122\lib.ent.s
c:\users\boxuga\appdata\local\temp\ps3ppuld327042\lib.ent.s
c:\users\boxuga\appdata\local\temp\ps3ppuld157722\lib.ent.s
c:\users\boxuga\appdata\local\temp\ps3ppuld145002\lib.ent.s
c:\users\boxuga\appdata\local\temp\ps3ppuld75642\lib.ent.s
c:\users\boxuga\appdata\local\temp\ps3ppuld172602\lib.ent.s
c:\users\boxuga\appdata\local\temp\ps3ppuld135722\lib.ent.s
c:\users\boxuga\appdata\local\temp\ps3ppuld133762\lib.ent.s
c:\users\boxuga\appdata\local\temp\ps3ppuld210002\lib.ent.s
c:\users\boxuga\appdata\local\temp\ps3ppuld118322\lib.ent.s
c:\users\boxuga\appdata\local\temp\ps3ppuld21002\lib.ent.s
c:\users\boxuga\appdata\local\temp\ps3ppuld244362\lib.ent.s
c:\users\boxuga\appdata\local\temp\ps3ppuld244442\lib.ent.s
c:\users\boxuga\appdata\local\temp\ps3ppuld292762\lib.ent.s
c:\users\boxuga\appdata\local\temp\ps3ppuld243722\lib.ent.s
c:\users\boxuga\appdata\local\temp\ps3ppuld134962\lib.ent.s
c:\users\boxuga\appdata\local\temp\ps3ppuld289522\lib.ent.s
c:\users\boxuga\appdata\local\temp\ps3ppuld141362\lib.ent.s
c:\users\boxuga\appdata\local\temp\ps3ppuld231802\lib.ent.s
c:\users\boxuga\appdata\local\temp\ps3ppuld59522\lib.ent.s
c:\users\boxuga\appdata\local\temp\ps3ppuld35922\lib.ent.s
c:\users\boxuga\appdata\local\temp\ps3ppuld270162\lib.ent.s
c:\users\boxuga\appdata\local\temp\ps3ppuld282922\lib.ent.s
c:\users\boxuga\appdata\local\temp\ps3ppuld245642\lib.ent.s
c:\users\boxuga\appdata\local\temp\ps3ppuld209562\lib.ent.s
c:\users\boxuga\appdata\local\temp\ps3ppuld290802\lib.ent.s
c:\users\boxuga\appdata\local\temp\ps3ppuld314842\lib.ent.s
c:\users\boxuga\appdata\local\temp\ps3ppuld124042\lib.ent.s
c:\users\boxuga\appdata\local\temp\ps3ppuld76842\lib.ent.s
c:\users\boxuga\appdata\local\temp\ps3ppuld79242\lib.ent.s
c:\users\boxuga\appdata\local\temp\ps3ppuld262322\lib.ent.s
c:\users\boxuga\appdata\local\temp\ps3ppuld296642\lib.ent.s
c:\users\boxuga\appdata\local\temp\ps3ppuld117722\lib.ent.s
c:\users\boxuga\appdata\local\temp\ps3ppuld250962\lib.ent.s
c:\users\boxuga\appdata\local\temp\ps3ppuld121642\lib.ent.s
c:\users\boxuga\appdata\local\temp\ps3ppuld143122\lib.ent.s
c:\users\boxuga\appdata\local\temp\ps3ppuld286602\lib.ent.s
c:\users\boxuga\appdata\local\temp\ps3ppuld133482\lib.ent.s
c:\users\boxuga\appdata\local\temp\ps3ppuld86482\lib.ent.s
c:\users\boxuga\appdata\local\temp\ps3ppuld200362\lib.ent.s
c:\users\boxuga\appdata\local\temp\ps3ppuld283282\lib.ent.s
c:\users\boxuga\appdata\local\temp\ps3ppuld163722\lib.ent.s
c:\users\boxuga\appdata\local\temp\ps3ppuld203962\lib.ent.s
c:\users\boxuga\appdata\local\temp\ps3ppuld82202\lib.ent.s
c:\users\boxuga\appdata\local\temp\ps3ppuld192522\lib.ent.s
c:\users\boxuga\appdata\local\temp\ps3ppuld282322\lib.ent.s
c:\users\boxuga\appdata\local\temp\ps3ppuld189162\lib.ent.s
c:\users\boxuga\appdata\local\temp\ps3ppuld89402\lib.ent.s
c:\users\boxuga\appdata\local\temp\ps3ppuld70522\lib.ent.s
c:\users\boxuga\appdata\local\temp\ps3ppuld111482\lib.ent.s
c:\users\boxuga\appdata\local\temp\ps3ppuld78282\lib.ent.s
c:\users\boxuga\appdata\local\temp\ps3ppuld16362\lib.ent.s
c:\users\boxuga\appdata\local\temp\ps3ppuld305802\lib.ent.s
c:\users\boxuga\appdata\local\temp\ps3ppuld175442\lib.ent.s
c:\users\boxuga\appdata\local\temp\ps3ppuld316682\lib.ent.s
c:\users\boxuga\appdata\local\temp\ps3ppuld283802\lib.ent.s
c:\users\boxuga\appdata\local\temp\ps3ppuld136362\lib.ent.s
c:\users\boxuga\appdata\local\temp\ps3ppuld177002\lib.ent.s
c:\users\boxuga\appdata\local\temp\ps3ppuld280722\lib.ent.s
c:\users\boxuga\appdata\local\temp\ps3ppuld36082\lib.ent.s
c:\users\boxuga\appdata\local\temp\ps3ppuld44362\lib.ent.s
c:\users\boxuga\appdata\local\temp\ps3ppuld104322\lib.ent.s
c:\users\boxuga\appdata\local\temp\ps3ppuld129922\lib.ent.s
c:\users\boxuga\appdata\local\temp\ps3ppuld192082\lib.ent.s
c:\users\boxuga\appdata\local\temp\ps3ppuld142042\lib.ent.s
c:\users\boxuga\appdata\local\temp\ps3ppuld270682\lib.ent.s
c:\users\boxuga\appdata\local\temp\ps3ppuld217802\lib.ent.s
c:\users\boxuga\appdata\local\temp\ps3ppuld258402\lib.ent.s
c:\users\boxuga\appdata\local\temp\ps3ppuld67122\lib.ent.s
c:\users\boxuga\appdata\local\temp\ps3ppuld309402\lib.ent.s
c:\users\boxuga\appdata\local\temp\ps3ppuld130602\lib.ent.s
c:\users\boxuga\appdata\local\temp\ps3ppuld162122\lib.ent.s
c:\users\boxuga\appdata\local\temp\ps3ppuld110042\lib.ent.s
c:\users\boxuga\appdata\local\temp\ps3ppuld148882\lib.ent.s
c:\users\boxuga\appdata\local\temp\ps3ppuld181602\lib.ent.s
c:\users\boxuga\appdata\local\temp\ps3ppuld88682\lib.ent.s
c:\users\boxuga\appdata\local\temp\ps3ppuld14202\lib.ent.s
c:\users\boxuga\appdata\local\temp\ps3ppuld220882\lib.ent.s
c:\users\boxuga\appdata\local\temp\ps3ppuld18002\lib.ent.s
c:\users\boxuga\appdata\local\temp\ps3ppuld29682\lib.ent.s
c:\users\boxuga\appdata\local\temp\ps3ppuld84242\lib.ent.s
c:\users\boxuga\appdata\local\temp\ps3ppuld287162\lib.ent.s
c:\users\boxuga\appdata\local\temp\ps3ppuld260122\lib.ent.s
c:\users\boxuga\appdata\local\temp\ps3ppuld103402\lib.ent.s
c:\users\boxuga\appdata\local\temp\ps3ppuld218882\lib.ent.s
c:\users\boxuga\appdata\local\temp\ps3ppuld186642\lib.ent.s
c:\users\boxuga\appdata\local\temp\ps3ppuld87922\lib.ent.s
c:\users\boxuga\appdata\local\temp\ps3ppuld91962\lib.ent.s
c:\users\boxuga\appdata\local\temp\ps3ppuld244762\lib.ent.s
c:\users\boxuga\appdata\local\temp\ps3ppuld192482\lib.ent.s
c:\users\boxuga\appdata\local\temp\ps3ppuld45362\lib.ent.s
c:\users\boxuga\appdata\local\temp\ps3ppuld291562\lib.ent.s
c:\users\boxuga\appdata\local\temp\ps3ppuld94642\lib.ent.s
c:\users\boxuga\appdata\local\temp\ps3ppuld254682\lib.ent.s
c:\users\boxuga\appdata\local\temp\ps3ppuld92602\lib.ent.s
c:\users\boxuga\appdata\local\temp\ps3ppuld285962\lib.ent.s
c:\users\boxuga\appdata\local\temp\ps3ppuld227482\lib.ent.s
e:\files\my documents\tools\gta 5\bases\sprx\gtav\gtav\ps3_debug\prx.o
e:\files\my documents\tools\gta 5\bases\sprx\gtav\gtav\ps3_debug\gtavonlinebeta.write.1.tlog
e:\files\my documents\tools\gta 5\bases\sprx\gtav\gtav\ps3_debug\hedgehog.write.1.tlog
e:\files\my documents\tools\gta 5\bases\sprx\gtav\gtav\ps3_debug\hedgehog.tlog\ps3ppuld64-make_fself.read.1.tlog
e:\files\my documents\tools\gta 5\bases\sprx\gtav\gtav\ps3_debug\hedgehog.tlog\ps3ppuld64-make_fself.write.1.tlog
e:\files\my documents\tools\gta 5\bases\sprx\gtav\gtav\ps3_debug\hedgehog.tlog\ps3ppuld64-ppu-lv2-as.read.1.tlog
e:\files\my documents\tools\gta 5\bases\sprx\gtav\gtav\ps3_debug\hedgehog.tlog\ps3ppuld64-ppu-lv2-as.write.1.tlog
e:\files\my documents\tools\gta 5\bases\sprx\gtav\gtav\ps3_debug\hedgehog.tlog\ps3ppuld64-ppu-lv2-prx-fixup.read.1.tlog
e:\files\my documents\tools\gta 5\bases\sprx\gtav\gtav\ps3_debug\hedgehog.tlog\ps3ppuld64-ppu-lv2-prx-fixup.write.1.tlog
e:\files\my documents\tools\gta 5\bases\sprx\gtav\gtav\ps3_debug\hedgehog.tlog\ps3ppuld64-ppu-lv2-prx-libgen.read.1.tlog
e:\files\my documents\tools\gta 5\bases\sprx\gtav\gtav\ps3_debug\hedgehog.tlog\ps3ppuld64-ppu-lv2-prx-libgen.write.1.tlog
e:\files\my documents\tools\gta 5\bases\sprx\gtav\gtav\ps3_debug\hedgehog.tlog\ps3ppuld64.command.1.tlog
e:\files\my documents\tools\gta 5\bases\sprx\gtav\gtav\ps3_debug\hedgehog.tlog\ps3ppuld64.read.1.tlog
e:\files\my documents\tools\gta 5\bases\sprx\gtav\gtav\ps3_debug\hedgehog.tlog\ps3ppuld64.write.1.tlog
e:\files\my documents\tools\gta 5\bases\sprx\gtav\gtav\ps3_debug\hedgehog.tlog\ps3ppusnc.command.1.tlog
e:\files\my documents\tools\gta 5\bases\sprx\gtav\gtav\ps3_debug\hedgehog.tlog\ps3ppusnc.read.1.tlog
e:\files\my documents\tools\gta 5\bases\sprx\gtav\gtav\ps3_debug\hedgehog.tlog\ps3ppusnc.write.1.tlog
